<?xml version="1.0" encoding="UTF-8"?>
<!-- Generated by org.testng.reporters.JUnitXMLReporter -->
<testsuite ignored="1" hostname="LAPTOP-DMCQS6QO" failures="0" tests="4" name="CarLoan" time="0.107" errors="0" timestamp="2024-05-26T21:51:58 IST">
  <testcase classname="test.P3" name="carLoanMethod01" time="0.024"/>
  <testcase classname="test.P3" name="carLoanMethod01" time="0.011"/>
  <testcase classname="test.P3" name="carLoanMethod01" time="0.001"/>
  <testcase classname="test.P3" name="carLoanMethod03" time="0.003"/>
  <testcase classname="test.P3" name="carLoanMethod02" time="0.0">
    <ignored/>
  </testcase> <!-- carLoanMethod02 -->
</testsuite> <!-- CarLoan -->
