<?xml version="1.0" encoding="UTF-8"?>
<!-- Generated by org.testng.reporters.JUnitXMLReporter -->
<testsuite ignored="0" hostname="LAPTOP-DMCQS6QO" failures="0" tests="3" name="PersonalLoan" time="0.121" errors="0" timestamp="2024-05-26T21:51:58 IST">
  <testcase classname="test.P1" name="personalLoanMethod02" time="0.009"/>
  <testcase classname="test.P2" name="personalLoanMethod03" time="0.014"/>
  <testcase classname="test.P1" name="personalLoanMethod01" time="0.012"/>
</testsuite> <!-- PersonalLoan -->
