<?xml version="1.0" encoding="UTF-8"?>
<!-- Generated by org.testng.reporters.JUnitXMLReporter -->
<testsuite ignored="0" hostname="LAPTOP-DMCQS6QO" failures="0" tests="9" name="Regression" time="0.07" errors="0" timestamp="2024-05-19T21:12:21 IST">
  <testcase classname="test.P1" name="personalLoanMethod01" time="0.006"/>
  <testcase classname="test.P1" name="personalLoanMethod02" time="0.005"/>
  <testcase classname="test.P2" name="personalLoanMethod03" time="0.0"/>
  <testcase classname="test.P3" name="carLoanMethod01" time="0.001"/>
  <testcase classname="test.P3" name="carLoanMethod02" time="0.0"/>
  <testcase classname="test.P3" name="carLoanMethod03" time="0.001"/>
  <testcase classname="test.P4" name="homeLoanMethod01" time="0.002"/>
  <testcase classname="test.P4" name="homeLoanMethod02" time="0.001"/>
  <testcase classname="test.P4" name="homeLoanMethod03" time="0.002"/>
</testsuite> <!-- Regression -->
