<?xml version="1.0" encoding="UTF-8"?>
<testng-results ignored="0" total="1" passed="1" failed="0" skipped="0">
  <reporter-output>
  </reporter-output>
  <suite started-at="2024-05-31T20:51:09 IST" name="Default suite" finished-at="2024-05-31T20:51:09 IST" duration-ms="52">
    <groups>
    </groups>
    <test started-at="2024-05-31T20:51:09 IST" name="Default test" finished-at="2024-05-31T20:51:09 IST" duration-ms="52">
      <class name="test.O2">
        <test-method signature="method01()[pri:0, instance:test.O2@272ed83b]" started-at="2024-05-31T20:51:09 IST" name="method01" finished-at="2024-05-31T20:51:09 IST" duration-ms="14" status="PASS">
          <reporter-output>
          </reporter-output>
        </test-method> <!-- method01 -->
      </class> <!-- test.O2 -->
    </test> <!-- Default test -->
  </suite> <!-- Default suite -->
</testng-results>
